#
# There is insufficient memory for the Java Runtime Environment to continue.
# Native memory allocation (malloc) failed to allocate 32744 bytes for ChunkPool::allocate
# Possible reasons:
#   The system is out of physical RAM or swap space
#   The process is running with CompressedOops enabled, and the Java Heap may be blocking the growth of the native heap
# Possible solutions:
#   Reduce memory load on the system
#   Increase physical memory or swap space
#   Check if swap backing store is full
#   Decrease Java heap size (-Xmx/-Xms)
#   Decrease number of Java threads
#   Decrease Java thread stack sizes (-Xss)
#   Set larger code cache with -XX:ReservedCodeCacheSize=
#   JVM is running with Unscaled Compressed Oops mode in which the Java heap is
#     placed in the first 4GB address space. The Java Heap base address is the
#     maximum limit for the native heap growth. Please use -XX:HeapBaseMinAddress
#     to set the Java Heap base and to place the Java Heap above 4GB virtual address.
# This output file may be truncated or incomplete.
#
#  Out of Memory Error (t:/workspace/open/src/hotspot/share/memory/arena.cpp:81), pid=35412, tid=27388
#
# JRE version: Java(TM) SE Runtime Environment (12.0.1+12) (build 12.0.1+12)
# Java VM: Java HotSpot(TM) 64-Bit Server VM (12.0.1+12, mixed mode, sharing, tiered, compressed oops, g1 gc, windows-amd64)
# No core dump will be written. Minidumps are not enabled by default on client versions of Windows
#

---------------  S U M M A R Y ------------

Command Line: -ea -Didea.test.cyclic.buffer.size=1048576 -javaagent:C:\Users\priti\IntelliJ IDEA Community Edition 2019.1.3\lib\idea_rt.jar=56919:C:\Users\priti\IntelliJ IDEA Community Edition 2019.1.3\bin -Dfile.encoding=UTF-8 com.intellij.rt.execution.junit.JUnitStarter -ideVersion5 -junit4 com.company.PritiSolankiU1Capstone.dao.ConsoleDaoJdbcTemplateImplTest,addGetDeleteConsole

Host: Intel(R) Core(TM) i3-7100U CPU @ 2.40GHz, 4 cores, 3G,  Windows 10 , 64 bit Build 17134 (10.0.17134.753)
Time: Mon Jul 15 20:10:20 2019 Eastern Daylight Time elapsed time: 0 seconds (0d 0h 0m 0s)

---------------  T H R E A D  ---------------

Current thread (0x00000211d512e000):  JavaThread "C1 CompilerThread0" daemon [_thread_in_native, id=27388, stack(0x0000004097400000,0x0000004097500000)]


Current CompileTask:
C1:    878  540       3       java.net.URLStreamHandler::parseURL (1201 bytes)

Stack: [0x0000004097400000,0x0000004097500000]
Native frames: (J=compiled Java code, j=interpreted, Vv=VM code, C=native code)
V  [jvm.dll+0x63948a]
V  [jvm.dll+0x78b31f]
V  [jvm.dll+0x78c9c1]
V  [jvm.dll+0x78d013]
V  [jvm.dll+0x262138]
V  [jvm.dll+0xc5a56]
V  [jvm.dll+0xc5dac]
V  [jvm.dll+0x11a11c]
V  [jvm.dll+0x17e75d]
V  [jvm.dll+0x17ef03]
V  [jvm.dll+0x1318ff]
V  [jvm.dll+0x131109]
V  [jvm.dll+0x13133f]
V  [jvm.dll+0x1304a7]
V  [jvm.dll+0x132557]
V  [jvm.dll+0x22a534]
V  [jvm.dll+0x228b88]
V  [jvm.dll+0x74f660]
V  [jvm.dll+0x748648]
V  [jvm.dll+0x638566]
C  [ucrtbase.dll+0x1e3fe]
C  [KERNEL32.DLL+0x14034]
C  [ntdll.dll+0x73691]


---------------  P R O C E S S  ---------------

Threads class SMR info:
_java_thread_list=0x00000211d5c43e70, length=11, elements={
0x00000211b9333000, 0x00000211d510c000, 0x00000211d510d000, 0x00000211d5122000,
0x00000211d5123800, 0x00000211d5126800, 0x00000211d512e000, 0x00000211d514b800,
0x00000211d50f1800, 0x00000211d5c08800, 0x00000211d5c09800
}

Java Threads: ( => current thread )
  0x00000211b9333000 JavaThread "main" [_thread_in_vm, id=37668, stack(0x0000004096800000,0x0000004096900000)]
  0x00000211d510c000 JavaThread "Reference Handler" daemon [_thread_blocked, id=28908, stack(0x0000004096f00000,0x0000004097000000)]
  0x00000211d510d000 JavaThread "Finalizer" daemon [_thread_blocked, id=8684, stack(0x0000004097000000,0x0000004097100000)]
  0x00000211d5122000 JavaThread "Signal Dispatcher" daemon [_thread_blocked, id=33320, stack(0x0000004097100000,0x0000004097200000)]
  0x00000211d5123800 JavaThread "Attach Listener" daemon [_thread_blocked, id=39468, stack(0x0000004097200000,0x0000004097300000)]
  0x00000211d5126800 JavaThread "C2 CompilerThread0" daemon [_thread_in_native, id=36908, stack(0x0000004097300000,0x0000004097400000)]
=>0x00000211d512e000 JavaThread "C1 CompilerThread0" daemon [_thread_in_native, id=27388, stack(0x0000004097400000,0x0000004097500000)]
  0x00000211d514b800 JavaThread "Sweeper thread" daemon [_thread_blocked, id=34736, stack(0x0000004097500000,0x0000004097600000)]
  0x00000211d50f1800 JavaThread "Common-Cleaner" daemon [_thread_blocked, id=5772, stack(0x0000004097600000,0x0000004097700000)]
  0x00000211d5c08800 JavaThread "Monitor Ctrl-Break" daemon [_thread_in_native, id=5500, stack(0x0000004097700000,0x0000004097800000)]
  0x00000211d5c09800 JavaThread "Service Thread" daemon [_thread_blocked, id=440, stack(0x0000004097800000,0x0000004097900000)]

Other Threads:
  0x00000211d5108800 VMThread "VM Thread" [stack: 0x0000004096e00000,0x0000004096f00000] [id=37184]
  0x00000211d5c0f000 WatcherThread [stack: 0x0000004097900000,0x0000004097a00000] [id=21724]
  0x00000211b935f800 GCTaskThread "GC Thread#0" [stack: 0x0000004096900000,0x0000004096a00000] [id=17080]
  0x00000211b9367000 ConcurrentGCThread "G1 Main Marker" [stack: 0x0000004096a00000,0x0000004096b00000] [id=29816]
  0x00000211b936b000 ConcurrentGCThread "G1 Conc#0" [stack: 0x0000004096b00000,0x0000004096c00000] [id=38256]
  0x00000211d4f90800 ConcurrentGCThread "G1 Refine#0" [stack: 0x0000004096c00000,0x0000004096d00000] [id=35972]
  0x00000211d4f91800 ConcurrentGCThread "G1 Young RemSet Sampling" [stack: 0x0000004096d00000,0x0000004096e00000] [id=7392]

Threads with active compile tasks:
C2 CompilerThread0   554       4       java.lang.StringBuilder::append (8 bytes)
C1 CompilerThread0   540       3       java.net.URLStreamHandler::parseURL (1201 bytes)

VM state:not at safepoint (normal execution)

VM Mutex/Monitor currently owned by a thread: None

Heap address: 0x00000000c1c00000, size: 996 MB, Compressed Oops mode: 32-bit
Narrow klass base: 0x0000000800000000, Narrow klass shift: 3
Compressed class space size: 1073741824 Address: 0x00000008011a0000

Heap:
 garbage-first heap   total 65536K, used 9216K [0x00000000c1c00000, 0x0000000100000000)
  region size 1024K, 10 young (10240K), 0 survivors (0K)
 Metaspace       used 2041K, capacity 5155K, committed 5504K, reserved 1056768K
  class space    used 223K, capacity 528K, committed 640K, reserved 1048576K
Heap Regions: E=young(eden), S=young(survivor), O=old, HS=humongous(starts), HC=humongous(continues), CS=collection set, F=free, A=archive, TAMS=top-at-mark-start (previous, next)
|   0|0x00000000c1c00000, 0x00000000c1c00000, 0x00000000c1d00000|  0%| F|  |TAMS 0x00000000c1c00000, 0x00000000c1c00000| Untracked 
|   1|0x00000000c1d00000, 0x00000000c1d00000, 0x00000000c1e00000|  0%| F|  |TAMS 0x00000000c1d00000, 0x00000000c1d00000| Untracked 
|   2|0x00000000c1e00000, 0x00000000c1e00000, 0x00000000c1f00000|  0%| F|  |TAMS 0x00000000c1e00000, 0x00000000c1e00000| Untracked 
|   3|0x00000000c1f00000, 0x00000000c1f00000, 0x00000000c2000000|  0%| F|  |TAMS 0x00000000c1f00000, 0x00000000c1f00000| Untracked 
|   4|0x00000000c2000000, 0x00000000c2000000, 0x00000000c2100000|  0%| F|  |TAMS 0x00000000c2000000, 0x00000000c2000000| Untracked 
|   5|0x00000000c2100000, 0x00000000c2100000, 0x00000000c2200000|  0%| F|  |TAMS 0x00000000c2100000, 0x00000000c2100000| Untracked 
|   6|0x00000000c2200000, 0x00000000c2200000, 0x00000000c2300000|  0%| F|  |TAMS 0x00000000c2200000, 0x00000000c2200000| Untracked 
|   7|0x00000000c2300000, 0x00000000c2300000, 0x00000000c2400000|  0%| F|  |TAMS 0x00000000c2300000, 0x00000000c2300000| Untracked 
|   8|0x00000000c2400000, 0x00000000c2400000, 0x00000000c2500000|  0%| F|  |TAMS 0x00000000c2400000, 0x00000000c2400000| Untracked 
|   9|0x00000000c2500000, 0x00000000c2500000, 0x00000000c2600000|  0%| F|  |TAMS 0x00000000c2500000, 0x00000000c2500000| Untracked 
|  10|0x00000000c2600000, 0x00000000c2600000, 0x00000000c2700000|  0%| F|  |TAMS 0x00000000c2600000, 0x00000000c2600000| Untracked 
|  11|0x00000000c2700000, 0x00000000c2700000, 0x00000000c2800000|  0%| F|  |TAMS 0x00000000c2700000, 0x00000000c2700000| Untracked 
|  12|0x00000000c2800000, 0x00000000c2800000, 0x00000000c2900000|  0%| F|  |TAMS 0x00000000c2800000, 0x00000000c2800000| Untracked 
|  13|0x00000000c2900000, 0x00000000c2900000, 0x00000000c2a00000|  0%| F|  |TAMS 0x00000000c2900000, 0x00000000c2900000| Untracked 
|  14|0x00000000c2a00000, 0x00000000c2a00000, 0x00000000c2b00000|  0%| F|  |TAMS 0x00000000c2a00000, 0x00000000c2a00000| Untracked 
|  15|0x00000000c2b00000, 0x00000000c2b00000, 0x00000000c2c00000|  0%| F|  |TAMS 0x00000000c2b00000, 0x00000000c2b00000| Untracked 
|  16|0x00000000c2c00000, 0x00000000c2c00000, 0x00000000c2d00000|  0%| F|  |TAMS 0x00000000c2c00000, 0x00000000c2c00000| Untracked 
|  17|0x00000000c2d00000, 0x00000000c2d00000, 0x00000000c2e00000|  0%| F|  |TAMS 0x00000000c2d00000, 0x00000000c2d00000| Untracked 
|  18|0x00000000c2e00000, 0x00000000c2e00000, 0x00000000c2f00000|  0%| F|  |TAMS 0x00000000c2e00000, 0x00000000c2e00000| Untracked 
|  19|0x00000000c2f00000, 0x00000000c2f00000, 0x00000000c3000000|  0%| F|  |TAMS 0x00000000c2f00000, 0x00000000c2f00000| Untracked 
|  20|0x00000000c3000000, 0x00000000c3000000, 0x00000000c3100000|  0%| F|  |TAMS 0x00000000c3000000, 0x00000000c3000000| Untracked 
|  21|0x00000000c3100000, 0x00000000c3100000, 0x00000000c3200000|  0%| F|  |TAMS 0x00000000c3100000, 0x00000000c3100000| Untracked 
|  22|0x00000000c3200000, 0x00000000c3200000, 0x00000000c3300000|  0%| F|  |TAMS 0x00000000c3200000, 0x00000000c3200000| Untracked 
|  23|0x00000000c3300000, 0x00000000c3300000, 0x00000000c3400000|  0%| F|  |TAMS 0x00000000c3300000, 0x00000000c3300000| Untracked 
|  24|0x00000000c3400000, 0x00000000c3400000, 0x00000000c3500000|  0%| F|  |TAMS 0x00000000c3400000, 0x00000000c3400000| Untracked 
|  25|0x00000000c3500000, 0x00000000c3500000, 0x00000000c3600000|  0%| F|  |TAMS 0x00000000c3500000, 0x00000000c3500000| Untracked 
|  26|0x00000000c3600000, 0x00000000c3600000, 0x00000000c3700000|  0%| F|  |TAMS 0x00000000c3600000, 0x00000000c3600000| Untracked 
|  27|0x00000000c3700000, 0x00000000c3700000, 0x00000000c3800000|  0%| F|  |TAMS 0x00000000c3700000, 0x00000000c3700000| Untracked 
|  28|0x00000000c3800000, 0x00000000c3800000, 0x00000000c3900000|  0%| F|  |TAMS 0x00000000c3800000, 0x00000000c3800000| Untracked 
|  29|0x00000000c3900000, 0x00000000c3900000, 0x00000000c3a00000|  0%| F|  |TAMS 0x00000000c3900000, 0x00000000c3900000| Untracked 
|  30|0x00000000c3a00000, 0x00000000c3a00000, 0x00000000c3b00000|  0%| F|  |TAMS 0x00000000c3a00000, 0x00000000c3a00000| Untracked 
|  31|0x00000000c3b00000, 0x00000000c3b00000, 0x00000000c3c00000|  0%| F|  |TAMS 0x00000000c3b00000, 0x00000000c3b00000| Untracked 
|  32|0x00000000c3c00000, 0x00000000c3c00000, 0x00000000c3d00000|  0%| F|  |TAMS 0x00000000c3c00000, 0x00000000c3c00000| Untracked 
|  33|0x00000000c3d00000, 0x00000000c3d00000, 0x00000000c3e00000|  0%| F|  |TAMS 0x00000000c3d00000, 0x00000000c3d00000| Untracked 
|  34|0x00000000c3e00000, 0x00000000c3e00000, 0x00000000c3f00000|  0%| F|  |TAMS 0x00000000c3e00000, 0x00000000c3e00000| Untracked 
|  35|0x00000000c3f00000, 0x00000000c3f00000, 0x00000000c4000000|  0%| F|  |TAMS 0x00000000c3f00000, 0x00000000c3f00000| Untracked 
|  36|0x00000000c4000000, 0x00000000c4000000, 0x00000000c4100000|  0%| F|  |TAMS 0x00000000c4000000, 0x00000000c4000000| Untracked 
|  37|0x00000000c4100000, 0x00000000c4100000, 0x00000000c4200000|  0%| F|  |TAMS 0x00000000c4100000, 0x00000000c4100000| Untracked 
|  38|0x00000000c4200000, 0x00000000c4200000, 0x00000000c4300000|  0%| F|  |TAMS 0x00000000c4200000, 0x00000000c4200000| Untracked 
|  39|0x00000000c4300000, 0x00000000c4300000, 0x00000000c4400000|  0%| F|  |TAMS 0x00000000c4300000, 0x00000000c4300000| Untracked 
|  40|0x00000000c4400000, 0x00000000c4400000, 0x00000000c4500000|  0%| F|  |TAMS 0x00000000c4400000, 0x00000000c4400000| Untracked 
|  41|0x00000000c4500000, 0x00000000c4500000, 0x00000000c4600000|  0%| F|  |TAMS 0x00000000c4500000, 0x00000000c4500000| Untracked 
|  42|0x00000000c4600000, 0x00000000c4600000, 0x00000000c4700000|  0%| F|  |TAMS 0x00000000c4600000, 0x00000000c4600000| Untracked 
|  43|0x00000000c4700000, 0x00000000c4700000, 0x00000000c4800000|  0%| F|  |TAMS 0x00000000c4700000, 0x00000000c4700000| Untracked 
|  44|0x00000000c4800000, 0x00000000c4800000, 0x00000000c4900000|  0%| F|  |TAMS 0x00000000c4800000, 0x00000000c4800000| Untracked 
|  45|0x00000000c4900000, 0x00000000c4900000, 0x00000000c4a00000|  0%| F|  |TAMS 0x00000000c4900000, 0x00000000c4900000| Untracked 
|  46|0x00000000c4a00000, 0x00000000c4a00000, 0x00000000c4b00000|  0%| F|  |TAMS 0x00000000c4a00000, 0x00000000c4a00000| Untracked 
|  47|0x00000000c4b00000, 0x00000000c4b00000, 0x00000000c4c00000|  0%| F|  |TAMS 0x00000000c4b00000, 0x00000000c4b00000| Untracked 
|  48|0x00000000c4c00000, 0x00000000c4c00000, 0x00000000c4d00000|  0%| F|  |TAMS 0x00000000c4c00000, 0x00000000c4c00000| Untracked 
|  49|0x00000000c4d00000, 0x00000000c4d00000, 0x00000000c4e00000|  0%| F|  |TAMS 0x00000000c4d00000, 0x00000000c4d00000| Untracked 
|  50|0x00000000c4e00000, 0x00000000c4e00000, 0x00000000c4f00000|  0%| F|  |TAMS 0x00000000c4e00000, 0x00000000c4e00000| Untracked 
|  51|0x00000000c4f00000, 0x00000000c4f00000, 0x00000000c5000000|  0%| F|  |TAMS 0x00000000c4f00000, 0x00000000c4f00000| Untracked 
|  52|0x00000000c5000000, 0x00000000c5000000, 0x00000000c5100000|  0%| F|  |TAMS 0x00000000c5000000, 0x00000000c5000000| Untracked 
|  53|0x00000000c5100000, 0x00000000c5100000, 0x00000000c5200000|  0%| F|  |TAMS 0x00000000c5100000, 0x00000000c5100000| Untracked 
|  54|0x00000000c5200000, 0x00000000c5290668, 0x00000000c5300000| 56%| E|  |TAMS 0x00000000c5200000, 0x00000000c5200000| Complete 
|  55|0x00000000c5300000, 0x00000000c5400000, 0x00000000c5400000|100%| E|CS|TAMS 0x00000000c5300000, 0x00000000c5300000| Complete 
|  56|0x00000000c5400000, 0x00000000c5500000, 0x00000000c5500000|100%| E|CS|TAMS 0x00000000c5400000, 0x00000000c5400000| Complete 
|  57|0x00000000c5500000, 0x00000000c5600000, 0x00000000c5600000|100%| E|CS|TAMS 0x00000000c5500000, 0x00000000c5500000| Complete 
|  58|0x00000000c5600000, 0x00000000c5700000, 0x00000000c5700000|100%| E|CS|TAMS 0x00000000c5600000, 0x00000000c5600000| Complete 
|  59|0x00000000c5700000, 0x00000000c5800000, 0x00000000c5800000|100%| E|CS|TAMS 0x00000000c5700000, 0x00000000c5700000| Complete 
|  60|0x00000000c5800000, 0x00000000c5900000, 0x00000000c5900000|100%| E|CS|TAMS 0x00000000c5800000, 0x00000000c5800000| Complete 
|  61|0x00000000c5900000, 0x00000000c5a00000, 0x00000000c5a00000|100%| E|CS|TAMS 0x00000000c5900000, 0x00000000c5900000| Complete 
|  62|0x00000000c5a00000, 0x00000000c5b00000, 0x00000000c5b00000|100%| E|CS|TAMS 0x00000000c5a00000, 0x00000000c5a00000| Complete 
|  63|0x00000000c5b00000, 0x00000000c5c00000, 0x00000000c5c00000|100%| E|CS|TAMS 0x00000000c5b00000, 0x00000000c5b00000| Complete 

Card table byte_map: [0x00000211d0930000,0x00000211d0b30000] _byte_map_base: 0x00000211d0322000

Marking Bits (Prev, Next): (CMBitMap*) 0x00000211b9360618, (CMBitMap*) 0x00000211b9360658
 Prev Bits: [0x00000211d0d30000, 0x00000211d1cc0000)
 Next Bits: [0x00000211d1cc0000, 0x00000211d2c50000)

Polling page: 0x00000211b7150000

Metaspace:

Usage:
  Non-class:      4.58 MB capacity,     1.79 MB ( 39%) used,     2.78 MB ( 61%) free+waste,     5.00 KB ( <1%) overhead. 
      Class:    528.00 KB capacity,   226.21 KB ( 43%) used,   298.79 KB ( 57%) free+waste,     3.00 KB ( <1%) overhead. 
       Both:      5.10 MB capacity,     2.01 MB ( 40%) used,     3.07 MB ( 60%) free+waste,     8.00 KB ( <1%) overhead. 

Virtual space:
  Non-class space:        8.00 MB reserved,       4.75 MB ( 59%) committed 
      Class space:        1.00 GB reserved,     640.00 KB ( <1%) committed 
             Both:        1.01 GB reserved,       5.38 MB ( <1%) committed 

Chunk freelists:
   Non-Class:  5.63 KB
       Class:  2.00 KB
        Both:  7.63 KB

CodeHeap 'non-profiled nmethods': size=120064Kb used=183Kb max_used=183Kb free=119880Kb
 bounds [0x00000211c91f0000, 0x00000211c9460000, 0x00000211d0730000]
CodeHeap 'profiled nmethods': size=120000Kb used=791Kb max_used=791Kb free=119209Kb
 bounds [0x00000211c1cc0000, 0x00000211c1f30000, 0x00000211c91f0000]
CodeHeap 'non-nmethods': size=5696Kb used=1084Kb max_used=1098Kb free=4611Kb
 bounds [0x00000211c1730000, 0x00000211c19a0000, 0x00000211c1cc0000]
 total_blobs=1074 nmethods=543 adapters=282
 compilation: enabled
              stopped_count=0, restarted_count=0
 full_count=0

Compilation events (10 events):
Event: 0.850 Thread 0x00000211d512e000 nmethod 530 0x00000211c1d82290 code [0x00000211c1d825a0, 0x00000211c1d83d40]
Event: 0.850 Thread 0x00000211d512e000  534       3       java.lang.invoke.MemberName::isStatic (8 bytes)
Event: 0.851 Thread 0x00000211d512e000 nmethod 534 0x00000211c1d84310 code [0x00000211c1d844e0, 0x00000211c1d84718]
Event: 0.851 Thread 0x00000211d512e000  536       3       java.lang.String::getChars (54 bytes)
Event: 0.852 Thread 0x00000211d512e000 nmethod 536 0x00000211c1d84810 code [0x00000211c1d84a40, 0x00000211c1d84f80]
Event: 0.852 Thread 0x00000211d512e000  537       3       sun.net.www.ParseUtil::encodePath (41 bytes)
Event: 0.852 Thread 0x00000211d512e000 nmethod 537 0x00000211c1d85190 code [0x00000211c1d85380, 0x00000211c1d85630]
Event: 0.855 Thread 0x00000211d512e000  539       3       sun.net.www.protocol.file.Handler::parseURL (18 bytes)
Event: 0.856 Thread 0x00000211d512e000 nmethod 539 0x00000211c1d85710 code [0x00000211c1d858e0, 0x00000211c1d85b00]
Event: 0.856 Thread 0x00000211d512e000  540       3       java.net.URLStreamHandler::parseURL (1201 bytes)

GC Heap History (0 events):
No events

Deoptimization events (9 events):
Event: 0.312 Thread 0x00000211b9333000 Uncommon trap: reason=unstable_if action=reinterpret pc=0x00000211c91f1888 method=java.lang.String.isLatin1()Z @ 10 c2
Event: 0.331 Thread 0x00000211b9333000 Uncommon trap: reason=class_check action=maybe_recompile pc=0x00000211c91fe618 method=java.util.HashMap.putVal(ILjava/lang/Object;Ljava/lang/Object;ZZ)Ljava/lang/Object; @ 152 c2
Event: 0.347 Thread 0x00000211b9333000 Uncommon trap: reason=unstable_if action=reinterpret pc=0x00000211c91f1520 method=java.lang.String.isLatin1()Z @ 10 c2
Event: 0.618 Thread 0x00000211b9333000 Uncommon trap: reason=class_check action=maybe_recompile pc=0x00000211c91fe618 method=java.util.HashMap.putVal(ILjava/lang/Object;Ljava/lang/Object;ZZ)Ljava/lang/Object; @ 152 c2
Event: 0.619 Thread 0x00000211b9333000 Uncommon trap: reason=class_check action=maybe_recompile pc=0x00000211c91fe618 method=java.util.HashMap.putVal(ILjava/lang/Object;Ljava/lang/Object;ZZ)Ljava/lang/Object; @ 152 c2
Event: 0.619 Thread 0x00000211b9333000 Uncommon trap: reason=class_check action=maybe_recompile pc=0x00000211c91fe618 method=java.util.HashMap.putVal(ILjava/lang/Object;Ljava/lang/Object;ZZ)Ljava/lang/Object; @ 152 c2
Event: 0.750 Thread 0x00000211b9333000 Uncommon trap: reason=unstable_if action=reinterpret pc=0x00000211c9203590 method=java.io.WinNTFileSystem.isSlash(C)Z @ 9 c2
Event: 0.775 Thread 0x00000211b9333000 Uncommon trap: reason=class_check action=maybe_recompile pc=0x00000211c92098b4 method=java.util.HashMap.putVal(ILjava/lang/Object;Ljava/lang/Object;ZZ)Ljava/lang/Object; @ 91 c2
Event: 0.775 Thread 0x00000211b9333000 Uncommon trap: reason=class_check action=maybe_recompile pc=0x00000211c92098b4 method=java.util.HashMap.putVal(ILjava/lang/Object;Ljava/lang/Object;ZZ)Ljava/lang/Object; @ 91 c2

Classes redefined (0 events):
No events

Internal exceptions (2 events):
Event: 0.702 Thread 0x00000211b9333000 Exception <a 'java/io/FileNotFoundException'{0x00000000c57486b8}> (0x00000000c57486b8) thrown at [t:/workspace/open/src/hotspot/share/prims/jni.cpp, line 615]
Event: 0.807 Thread 0x00000211b9333000 Exception <a 'java/lang/NoSuchMethodError'{0x00000000c559db70}: java.lang.invoke.DirectMethodHandle$Holder.invokeSpecialIFC(Ljava/lang/Object;Ljava/lang/Object;I)I> (0x00000000c559db70) thrown at [t:/workspace/open/src/hotspot/share/interpreter/linkResolv

Events (10 events):
Event: 0.867 loading class org/junit/internal/builders/JUnit4Builder
Event: 0.867 loading class org/junit/internal/builders/JUnit4Builder done
Event: 0.868 loading class org/junit/internal/runners/statements/InvokeMethod
Event: 0.868 loading class org/junit/internal/runners/statements/InvokeMethod done
Event: 0.870 loading class org/junit/internal/runners/statements/Fail
Event: 0.870 loading class org/junit/internal/runners/statements/Fail done
Event: 0.871 loading class org/junit/internal/runners/statements/FailOnTimeout
Event: 0.871 loading class org/junit/internal/runners/statements/FailOnTimeout done
Event: 0.873 loading class org/junit/internal/runners/statements/ExpectException
Event: 0.873 loading class org/junit/internal/runners/statements/ExpectException done


Dynamic libraries:
0x00007ff6d43b0000 - 0x00007ff6d43bf000 	C:\Program Files\Java\jdk-12.0.1\bin\java.exe
0x00007ff8b3ac0000 - 0x00007ff8b3ca1000 	C:\windows\SYSTEM32\ntdll.dll
0x00007ff8b1350000 - 0x00007ff8b1401000 	C:\windows\System32\KERNEL32.DLL
0x00007ff8b0c60000 - 0x00007ff8b0ed3000 	C:\windows\System32\KERNELBASE.dll
0x00007ff8b0230000 - 0x00007ff8b0328000 	C:\windows\System32\ucrtbase.dll
0x00007ff89fa90000 - 0x00007ff89faa6000 	C:\Program Files\Java\jdk-12.0.1\bin\VCRUNTIME140.dll
0x00007ff89f190000 - 0x00007ff89f1a8000 	C:\Program Files\Java\jdk-12.0.1\bin\jli.dll
0x00007ff8b3030000 - 0x00007ff8b30d1000 	C:\windows\System32\ADVAPI32.dll
0x00007ff8b2a90000 - 0x00007ff8b2b2e000 	C:\windows\System32\msvcrt.dll
0x00007ff8b3900000 - 0x00007ff8b395b000 	C:\windows\System32\sechost.dll
0x00007ff8b3960000 - 0x00007ff8b3a84000 	C:\windows\System32\RPCRT4.dll
0x00007ff8b30e0000 - 0x00007ff8b3270000 	C:\windows\System32\USER32.dll
0x00007ff8977f0000 - 0x00007ff897a59000 	C:\windows\WinSxS\amd64_microsoft.windows.common-controls_6595b64144ccf1df_6.0.17134.829_none_fb46a5473061b9d5\COMCTL32.dll
0x00007ff8b0ee0000 - 0x00007ff8b0f00000 	C:\windows\System32\win32u.dll
0x00007ff8b2990000 - 0x00007ff8b29b8000 	C:\windows\System32\GDI32.dll
0x00007ff8b0330000 - 0x00007ff8b04c1000 	C:\windows\System32\gdi32full.dll
0x00007ff8afe90000 - 0x00007ff8aff2f000 	C:\windows\System32\msvcp_win.dll
0x00007ff8b1020000 - 0x00007ff8b1342000 	C:\windows\System32\combase.dll
0x00007ff8b0be0000 - 0x00007ff8b0c5a000 	C:\windows\System32\bcryptPrimitives.dll
0x00007ff8a8480000 - 0x00007ff8a848a000 	C:\windows\SYSTEM32\VERSION.dll
0x00007ff8b1470000 - 0x00007ff8b149d000 	C:\windows\System32\IMM32.DLL
0x00007ff87ad70000 - 0x00007ff87ae1a000 	C:\Program Files\Java\jdk-12.0.1\bin\msvcp140.dll
0x00007ff861990000 - 0x00007ff862504000 	C:\Program Files\Java\jdk-12.0.1\bin\server\jvm.dll
0x00007ff8b3370000 - 0x00007ff8b3378000 	C:\windows\System32\PSAPI.DLL
0x00007ff8ad6c0000 - 0x00007ff8ad6c9000 	C:\windows\SYSTEM32\WSOCK32.dll
0x00007ff8ad650000 - 0x00007ff8ad673000 	C:\windows\SYSTEM32\WINMM.dll
0x00007ff8b33e0000 - 0x00007ff8b344c000 	C:\windows\System32\WS2_32.dll
0x00007ff8ad620000 - 0x00007ff8ad64a000 	C:\windows\SYSTEM32\WINMMBASE.dll
0x00007ff8b0f00000 - 0x00007ff8b0f49000 	C:\windows\System32\cfgmgr32.dll
0x00007ff8afe50000 - 0x00007ff8afe61000 	C:\windows\System32\kernel.appcore.dll
0x00007ff89c6b0000 - 0x00007ff89c6c1000 	C:\Program Files\Java\jdk-12.0.1\bin\verify.dll
0x00007ff8ae850000 - 0x00007ff8aea19000 	C:\windows\SYSTEM32\DBGHELP.DLL
0x00007ff89eda0000 - 0x00007ff89edc9000 	C:\windows\SYSTEM32\dbgcore.DLL
0x00007ff89a1b0000 - 0x00007ff89a1d6000 	C:\Program Files\Java\jdk-12.0.1\bin\java.dll
0x00007ff8aaae0000 - 0x00007ff8aaaee000 	C:\Program Files\Java\jdk-12.0.1\bin\instrument.dll
0x00007ff897120000 - 0x00007ff897137000 	C:\Program Files\Java\jdk-12.0.1\bin\zip.dll
0x00007ff8aacf0000 - 0x00007ff8aacfa000 	C:\Program Files\Java\jdk-12.0.1\bin\jimage.dll
0x00007ff8b1550000 - 0x00007ff8b2990000 	C:\windows\System32\SHELL32.dll
0x00007ff8b29c0000 - 0x00007ff8b2a69000 	C:\windows\System32\shcore.dll
0x00007ff8b04d0000 - 0x00007ff8b0bdd000 	C:\windows\System32\windows.storage.dll
0x00007ff8b3380000 - 0x00007ff8b33d1000 	C:\windows\System32\shlwapi.dll
0x00007ff8afdd0000 - 0x00007ff8afdef000 	C:\windows\System32\profapi.dll
0x00007ff8afe00000 - 0x00007ff8afe4c000 	C:\windows\System32\powrprof.dll
0x00007ff8afdf0000 - 0x00007ff8afdfa000 	C:\windows\System32\FLTLIB.DLL
0x00007ff8962e0000 - 0x00007ff8962f9000 	C:\Program Files\Java\jdk-12.0.1\bin\net.dll
0x00007ff8a8770000 - 0x00007ff8a884d000 	C:\windows\SYSTEM32\WINHTTP.dll
0x00007ff898020000 - 0x00007ff8981e9000 	C:\windows\SYSTEM32\urlmon.dll
0x00007ff89c860000 - 0x00007ff89cb06000 	C:\windows\SYSTEM32\iertutil.dll
0x00007ff8af7c0000 - 0x00007ff8af7cb000 	C:\windows\SYSTEM32\CRYPTBASE.DLL
0x00007ff8af5f0000 - 0x00007ff8af656000 	C:\windows\system32\mswsock.dll
0x00007ff8952c0000 - 0x00007ff8952d3000 	C:\Program Files\Java\jdk-12.0.1\bin\nio.dll
0x00007ff89fd90000 - 0x00007ff89fdaa000 	C:\Users\priti\IntelliJ IDEA Community Edition 2019.1.3\bin\breakgen64.dll

dbghelp: loaded successfully - version: 4.0.5 - missing functions: none
symbol engine: initialized successfully - sym options: 0x614 - pdb path: .;C:\Program Files\Java\jdk-12.0.1\bin;C:\windows\SYSTEM32;C:\windows\WinSxS\amd64_microsoft.windows.common-controls_6595b64144ccf1df_6.0.17134.829_none_fb46a5473061b9d5;C:\Program Files\Java\jdk-12.0.1\bin\server;C:\Users\priti\IntelliJ IDEA Community Edition 2019.1.3\bin

VM Arguments:
jvm_args: -ea -Didea.test.cyclic.buffer.size=1048576 -javaagent:C:\Users\priti\IntelliJ IDEA Community Edition 2019.1.3\lib\idea_rt.jar=56919:C:\Users\priti\IntelliJ IDEA Community Edition 2019.1.3\bin -Dfile.encoding=UTF-8 
java_command: com.intellij.rt.execution.junit.JUnitStarter -ideVersion5 -junit4 com.company.PritiSolankiU1Capstone.dao.ConsoleDaoJdbcTemplateImplTest,addGetDeleteConsole
java_class_path (initial): C:\Users\priti\IntelliJ IDEA Community Edition 2019.1.3\lib\idea_rt.jar;C:\Users\priti\IntelliJ IDEA Community Edition 2019.1.3\plugins\junit\lib\junit-rt.jar;C:\Users\priti\IntelliJ IDEA Community Edition 2019.1.3\plugins\junit\lib\junit5-rt.jar;C:\Users\priti\OneDrive\Desktop\Homework\PritiSolankiU1Capstone\target\test-classes;C:\Users\priti\OneDrive\Desktop\Homework\PritiSolankiU1Capstone\target\classes;C:\Users\priti\.m2\repository\org\springframework\boot\spring-boot-starter-hateoas\2.1.6.RELEASE\spring-boot-starter-hateoas-2.1.6.RELEASE.jar;C:\Users\priti\.m2\repository\org\springframework\hateoas\spring-hateoas\0.25.1.RELEASE\spring-hateoas-0.25.1.RELEASE.jar;C:\Users\priti\.m2\repository\org\springframework\spring-aop\5.1.8.RELEASE\spring-aop-5.1.8.RELEASE.jar;C:\Users\priti\.m2\repository\org\springframework\spring-beans\5.1.8.RELEASE\spring-beans-5.1.8.RELEASE.jar;C:\Users\priti\.m2\repository\org\springframework\spring-context\5.1.8.RELEASE\spring-context-5.1.8.RELEASE.jar;C:\Users\priti\.m2\repository\org\slf4j\slf4j-api\1.7.26\slf4j-api-1.7.26.jar;C:\Users\priti\.m2\repository\org\springframework\plugin\spring-plugin-core\1.2.0.RELEASE\spring-plugin-core-1.2.0.RELEASE.jar;C:\Users\priti\.m2\repository\org\springframework\boot\spring-boot-starter-jdbc\2.1.6.RELEASE\spring-boot-starter-jdbc-2.1.6.RELEASE.jar;C:\Users\priti\.m2\repository\org\springframework\boot\spring-boot-starter\2.1.6.RELEASE\spring-boot-starter-2.1.6.RELEASE.jar;C:\Users\priti\.m2\repository\org\springframework\boot\spring-boot\2.1.6.RELEASE\spring-boot-2.1.6.RELEASE.jar;C:\Users\priti\.m2\repository\org\springframework\boot\spring-boot-autoconfigure\2.1.6.RELEASE\spring-boot-autoconfigure-2.1.6.RELEASE.jar;C:\Users\priti\.m2\repository\org\springframework\boot\spring-boot-starter-logging\2.1.6.RELEASE\spring-boot-starter-logging-2.1.6.RELEASE.jar;C:\Users\priti\.m2\repository\ch\qos\logback\logback-classic\1.2.3\logback-classic-1.2.3.jar;C:\Users\priti\.m
Launcher Type: SUN_STANDARD

[Global flags]
     intx CICompilerCount                          = 3                                         {product} {ergonomic}
     uint ConcGCThreads                            = 1                                         {product} {ergonomic}
     uint G1ConcRefinementThreads                  = 4                                         {product} {ergonomic}
   size_t G1HeapRegionSize                         = 1048576                                   {product} {ergonomic}
    uintx GCDrainStackTargetSize                   = 64                                        {product} {ergonomic}
   size_t InitialHeapSize                          = 67108864                                  {product} {ergonomic}
   size_t MarkStackSize                            = 4194304                                   {product} {ergonomic}
   size_t MaxHeapSize                              = 1044381696                                {product} {ergonomic}
   size_t MaxNewSize                               = 625999872                                 {product} {ergonomic}
   size_t MinHeapDeltaBytes                        = 1048576                                   {product} {ergonomic}
    uintx NonNMethodCodeHeapSize                   = 5830732                                {pd product} {ergonomic}
    uintx NonProfiledCodeHeapSize                  = 122913754                              {pd product} {ergonomic}
    uintx ProfiledCodeHeapSize                     = 122913754                              {pd product} {ergonomic}
    uintx ReservedCodeCacheSize                    = 251658240                              {pd product} {ergonomic}
     bool SegmentedCodeCache                       = true                                      {product} {ergonomic}
     bool UseCompressedClassPointers               = true                                 {lp64_product} {ergonomic}
     bool UseCompressedOops                        = true                                 {lp64_product} {ergonomic}
     bool UseG1GC                                  = true                                      {product} {ergonomic}
     bool UseLargePagesIndividualAllocation        = false                                  {pd product} {ergonomic}

Logging:
Log output configuration:
 #0: stdout all=warning uptime,level,tags
 #1: stderr all=off uptime,level,tags

Environment Variables:
PATH=C:\windows\system32;C:\windows;C:\windows\System32\Wbem;C:\windows\System32\WindowsPowerShell\v1.0\;C:\windows\System32\OpenSSH\;C:\Users\priti\AppData\Local\Microsoft\WindowsApps;;C:\Users\priti\IntelliJ IDEA Community Edition 2019.1.3\bin;
USERNAME=priti
OS=Windows_NT
PROCESSOR_IDENTIFIER=Intel64 Family 6 Model 142 Stepping 9, GenuineIntel



---------------  S Y S T E M  ---------------

OS: Windows 10 , 64 bit Build 17134 (10.0.17134.753)

CPU:total 4 (initial active 4) (2 cores per cpu, 2 threads per core) family 6 model 142 stepping 9, cmov, cx8, fxsr, mmx, sse, sse2, sse3, ssse3, sse4.1, sse4.2, popcnt, avx, avx2, aes, clmul, erms, 3dnowpref, lzcnt, ht, tsc, tscinvbit, bmi1, bmi2, adx, fma

Memory: 4k page, system-wide physical 3979M (341M free)
TotalPageFile size 16267M (AvailPageFile size 2M)
current process WorkingSet (physical memory assigned to process): 50M, peak: 50M
current process commit charge ("private bytes"): 141M, peak: 141M

vm_info: Java HotSpot(TM) 64-Bit Server VM (12.0.1+12) for windows-amd64 JRE (12.0.1+12), built on Apr  2 2019 14:02:19 by "mach5one" with MS VC++ 15.5 (VS2017)

END.
